Build started 2016-11-25 1:39:19 PM.
     1>Project "D:\Development\SGOMSbot\SGOMSbot.vcxproj" on node 2 (Build target(s)).
     1>ClCompile:
         C:\Program Files (x86)\Microsoft Visual Studio 12.0\VC\bin\CL.exe /c /I../include /IC:\Python27/include /ID:\Development\boost_1_53_0/include /ID:\Development\BWTA/include /ID:\Development\BWAPI/include /Zi /nologo /W3 /WX- /MP /O2 /Oi /Oy- /GL /D NOMINMAX /D WIN32 /D NDEBUG /D _WINDOWS /D _USRDLL /D EXAMPLEAIMODULE_EXPORTS /D _WINDLL /Gm- /EHsc /MD /GS /Gy /fp:precise /Zc:wchar_t /Zc:forScope /Fo"Release\\" /Fd"Release\vc120.pdb" /Gd /TP /analyze- /errorReport:prompt Source\PlanningUnit.cpp Source\SGOMSbot.cpp
         PlanningUnit.cpp
         SGOMSbot.cpp
       Link:
         C:\Program Files (x86)\Microsoft Visual Studio 12.0\VC\bin\link.exe /ERRORREPORT:PROMPT /OUT:"D:\Development\SGOMSbot\Release\SGOMSbot.dll" /INCREMENTAL /NOLOGO C:\Python27\libs\python27.lib D:\Development\BWAPI/lib/BWAPI.lib D:\Development\BWTA/lib/BWTA.lib "D:\Development\BWTA/lib/libboost_system-vc120-mt-1_56.lib" "D:\Development\BWTA/lib/libboost_thread-vc120-mt-1_56.lib" "D:\Development\BWTA/lib/libCGAL-vc120-mt-4.4.lib" "D:\Development\BWTA/lib/libgmp-10.lib" "D:\Development\BWTA/lib/libmpfr-4.lib" "D:\Development\BWTA/lib/libboost_filesystem-vc120-mt-1_56.lib" kernel32.lib user32.lib gdi32.lib winspool.lib comdlg32.lib advapi32.lib shell32.lib ole32.lib oleaut32.lib uuid.lib odbc32.lib odbccp32.lib /MANIFEST /MANIFESTUAC:"level='asInvoker' uiAccess='false'" /manifest:embed /DEBUG /PDB:"D:\Development\SGOMSbot\Release\SGOMSbot.pdb" /SUBSYSTEM:WINDOWS /OPT:REF /OPT:ICF /LTCG /TLBID:1 /DYNAMICBASE /NXCOMPAT /IMPLIB:"Release\SGOMSbot.lib" /MACHINE:X86 /SAFESEH /DLL Release\Awareness.obj
         Release\Buffer.obj
         Release\Chunk.obj
         Release\Context.obj
         Release\Dll.obj
         Release\Goal.obj
         Release\Module.obj
         Release\Operator.obj
         Release\PlanningUnit.obj
         Release\Productions.obj
         Release\SGOMSbot.obj
         Release\Strategy.obj
         Release\UnitTask.obj
     1>LINK : warning LNK4075: ignoring '/INCREMENTAL' due to '/LTCG' specification
            Creating library Release\SGOMSbot.lib and object Release\SGOMSbot.exp
         Generating code
         Finished generating code
         SGOMSbot.vcxproj -> D:\Development\SGOMSbot\Release\SGOMSbot.dll
     1>Done Building Project "D:\Development\SGOMSbot\SGOMSbot.vcxproj" (Build target(s)).

Build succeeded.

Time Elapsed 00:00:06.32
